<?xml version="1.0" encoding="UTF-8"?>
<!-- Generated by org.testng.reporters.JUnitReportReporter -->
<testsuite hostname="PRAWIN" failures="0" tests="1" name="AutoTest" time="1.928" errors="0" timestamp="2025-08-11T16:28:39 IST" skipped="0">
  <testcase classname="AutoTest" name="toTest" time="1.928"/>
  <system-out>
    <![CDATA[Database conected successfully
egde browser got lounched]]>
  </system-out>
</testsuite> <!-- AutoTest -->
