<?xml version="1.0" encoding="UTF-8"?>
<!-- Generated by org.testng.reporters.JUnitReportReporter -->
<testsuite hostname="PRAWIN" failures="0" tests="1" name="SimpleProject.TestEdge" time="2.705" errors="0" timestamp="2025-08-11T16:40:56 IST" skipped="0">
  <testcase classname="SimpleProject.TestEdge" name="totestr" time="2.705"/>
</testsuite> <!-- SimpleProject.TestEdge -->
